<?xml version="1.0" encoding="UTF-8"?>
<testng-results skipped="0" failed="0" ignored="0" total="1" passed="1">
  <reporter-output>
  </reporter-output>
  <suite name="Default suite" duration-ms="28798" started-at="2018-03-03T21:42:01Z" finished-at="2018-03-03T21:42:30Z">
    <groups>
    </groups>
    <test name="Default test" duration-ms="28798" started-at="2018-03-03T21:42:01Z" finished-at="2018-03-03T21:42:30Z">
      <class name="com.myMavenProject.MavenScriptTest.LoggInTest">
        <test-method status="PASS" signature="loggin()[pri:0, instance:com.myMavenProject.MavenScriptTest.LoggInTest@4c70fda8]" name="loggin" duration-ms="28763" started-at="2018-03-04T03:12:01Z" finished-at="2018-03-04T03:12:30Z">
          <reporter-output>
          </reporter-output>
        </test-method> <!-- loggin -->
      </class> <!-- com.myMavenProject.MavenScriptTest.LoggInTest -->
    </test> <!-- Default test -->
  </suite> <!-- Default suite -->
</testng-results>
